[11:15:43.911 Verbose] - BuildManager - C:\Program Files\dotnet\sdk\5.0.300\Sdks\Microsoft.NET.Sdk\targets\Microsoft.NET.GenerateAssemblyInfo.targets(159,5): error MSB3491: Impossible d'écrire des lignes dans le fichier "C:\Users\pellisje\Desktop\SAE2.01Aplication (2)\SAE2.01Aplication\SAE2.01\Application_Gestion_Medicament\.vs\Application_Gestion_Medicament\v16\lut\0\i\Application_Gestion_Medicament\Debug\netcoreapp3.1\Application_Gestion_Medicament_5cb5spfw_wpftmp.AssemblyInfoInputs.cache". Impossible de trouver une partie du chemin d'accès 'C:\Users\pellisje\Desktop\SAE2.01Aplication (2)\SAE2.01Aplication\SAE2.01\Application_Gestion_Medicament\.vs\Application_Gestion_Medicament\v16\lut\0\i\Application_Gestion_Medicament\Debug\netcoreapp3.1\Application_Gestion_Medicament_5cb5spfw_wpftmp.AssemblyInfoInputs.cache'.
[11:15:43.914 Verbose] - BuildManager - C:\Program Files (x86)\Microsoft Visual Studio\2019\Enterprise\MSBuild\Current\Bin\Microsoft.Common.CurrentVersion.targets(5517,5): error MSB3491: Impossible d'écrire des lignes dans le fichier "C:\Users\pellisje\Desktop\SAE2.01Aplication (2)\SAE2.01Aplication\SAE2.01\Application_Gestion_Medicament\.vs\Application_Gestion_Medicament\v16\lut\0\i\Application_Gestion_Medicament\Debug\netcoreapp3.1\Application_Gestion_Medicament.csproj.FileListAbsolute.txt". Impossible de trouver une partie du chemin d'accès 'C:\Users\pellisje\Desktop\SAE2.01Aplication (2)\SAE2.01Aplication\SAE2.01\Application_Gestion_Medicament\.vs\Application_Gestion_Medicament\v16\lut\0\i\Application_Gestion_Medicament\Debug\netcoreapp3.1\Application_Gestion_Medicament.csproj.FileListAbsolute.txt'.
[11:15:43.915 Verbose] - BuildManager - Il manque certains des chemins de fichiers définis dans csproj au sein du chemin de build de Live Unit Testing. Vérifiez si ces fichiers doivent figurer dans le chemin de build de Live Unit Testing et, si nécessaire, mettez à jour la définition de csproj pour rechercher ces fichiers à un autre emplacement.
[11:15:43.915 Verbose] - BuildManager - Élément _OutputPathItem 'C:\Users\pellisje\Desktop\SAE2.01Aplication (2)\SAE2.01Aplication\SAE2.01\Application_Gestion_Medicament\.vs\Application_Gestion_Medicament\v16\lut\0\b\Application_Gestion_Medicament\Debug\netcoreapp3.1\' évalué via :
_OutputPathItem: '$(OutDir)' @ C:\Program Files (x86)\Microsoft Visual Studio\2019\Enterprise\MSBuild\Current\Bin\Microsoft.Common.CurrentVersion.targets:309
  OutDir: '$(OutputPath)' @ C:\Program Files (x86)\Microsoft Visual Studio\2019\Enterprise\MSBuild\Current\Bin\Microsoft.Common.CurrentVersion.targets:227
    OutputPath: '$(OutputPath)$(TargetFramework.ToLowerInvariant())\' @ C:\Program Files\dotnet\sdk\5.0.300\Sdks\Microsoft.NET.Sdk\targets\Microsoft.NET.TargetFrameworkInference.targets:242
      OutputPath: '$(BaseOutputPath)$(Configuration)\' @ C:\Program Files\dotnet\sdk\5.0.300\Sdks\Microsoft.NET.Sdk\targets\Microsoft.NET.DefaultOutputPaths.targets:33
        BaseOutputPath: 'C:\Users\pellisje\Desktop\SAE2.01Aplication (2)\SAE2.01Aplication\SAE2.01\Application_Gestion_Medicament\.vs\Application_Gestion_Medicament\v16\lut\0\b\Application_Gestion_Medicament\' @ C:\Users\pellisje\Desktop\SAE2.01Aplication (2)\SAE2.01Aplication\SAE2.01\Application_Gestion_Medicament\Application_Gestion_Medicament\Application_Gestion_Medicament.csproj:0
        Configuration: 'Debug'
[11:15:43.915 Verbose] - BuildManager - Élément AppConfigFileDestination 'C:\Users\pellisje\Desktop\SAE2.01Aplication (2)\SAE2.01Aplication\SAE2.01\Application_Gestion_Medicament\.vs\Application_Gestion_Medicament\v16\lut\0\b\Application_Gestion_Medicament\Debug\netcoreapp3.1\Application_Gestion_Medicament.dll.config' évalué via :
AppConfigFileDestination: '$(OutDir)$(TargetFileName).config' @ C:\Program Files (x86)\Microsoft Visual Studio\2019\Enterprise\MSBuild\Current\Bin\Microsoft.Common.CurrentVersion.targets:337
  OutDir: '$(OutputPath)' @ C:\Program Files (x86)\Microsoft Visual Studio\2019\Enterprise\MSBuild\Current\Bin\Microsoft.Common.CurrentVersion.targets:227
    OutputPath: '$(OutputPath)$(TargetFramework.ToLowerInvariant())\' @ C:\Program Files\dotnet\sdk\5.0.300\Sdks\Microsoft.NET.Sdk\targets\Microsoft.NET.TargetFrameworkInference.targets:242
      OutputPath: '$(BaseOutputPath)$(Configuration)\' @ C:\Program Files\dotnet\sdk\5.0.300\Sdks\Microsoft.NET.Sdk\targets\Microsoft.NET.DefaultOutputPaths.targets:33
        BaseOutputPath: 'C:\Users\pellisje\Desktop\SAE2.01Aplication (2)\SAE2.01Aplication\SAE2.01\Application_Gestion_Medicament\.vs\Application_Gestion_Medicament\v16\lut\0\b\Application_Gestion_Medicament\' @ C:\Users\pellisje\Desktop\SAE2.01Aplication (2)\SAE2.01Aplication\SAE2.01\Application_Gestion_Medicament\Application_Gestion_Medicament\Application_Gestion_Medicament.csproj:0
        Configuration: 'Debug'
  TargetFileName: '$(TargetName)$(TargetExt)' @ C:\Program Files (x86)\Microsoft Visual Studio\2019\Enterprise\MSBuild\Current\Bin\Microsoft.Common.CurrentVersion.targets:247
    TargetName: '$(AssemblyName)' @ C:\Program Files (x86)\Microsoft Visual Studio\2019\Enterprise\MSBuild\Current\Bin\Microsoft.Common.CurrentVersion.targets:239
      AssemblyName: '$(MSBuildProjectName)' @ C:\Program Files\dotnet\sdk\5.0.300\Sdks\Microsoft.NET.Sdk\targets\Microsoft.NET.Sdk.props:32
        MSBuildProjectName: 'Application_Gestion_Medicament'
    TargetExt: '.dll' @ C:\Program Files\dotnet\sdk\5.0.300\Sdks\Microsoft.NET.Sdk\targets\Microsoft.NET.Sdk.BeforeCommon.targets:99
[11:15:43.915 Verbose] - BuildManager - Élément _DebugSymbolsOutputPath 'C:\Users\pellisje\Desktop\SAE2.01Aplication (2)\SAE2.01Aplication\SAE2.01\Application_Gestion_Medicament\.vs\Application_Gestion_Medicament\v16\lut\0\b\Application_Gestion_Medicament\Debug\netcoreapp3.1\Application_Gestion_Medicament.pdb' évalué via :
_DebugSymbolsOutputPath: '@(_DebugSymbolsIntermediatePath->'$(OutDir)%(Filename)%(Extension)')' @ C:\Program Files (x86)\Microsoft Visual Studio\2019\Enterprise\MSBuild\Current\Bin\Microsoft.Common.CurrentVersion.targets:403
  OutDir: '$(OutputPath)' @ C:\Program Files (x86)\Microsoft Visual Studio\2019\Enterprise\MSBuild\Current\Bin\Microsoft.Common.CurrentVersion.targets:227
    OutputPath: '$(OutputPath)$(TargetFramework.ToLowerInvariant())\' @ C:\Program Files\dotnet\sdk\5.0.300\Sdks\Microsoft.NET.Sdk\targets\Microsoft.NET.TargetFrameworkInference.targets:242
      OutputPath: '$(BaseOutputPath)$(Configuration)\' @ C:\Program Files\dotnet\sdk\5.0.300\Sdks\Microsoft.NET.Sdk\targets\Microsoft.NET.DefaultOutputPaths.targets:33
        BaseOutputPath: 'C:\Users\pellisje\Desktop\SAE2.01Aplication (2)\SAE2.01Aplication\SAE2.01\Application_Gestion_Medicament\.vs\Application_Gestion_Medicament\v16\lut\0\b\Application_Gestion_Medicament\' @ C:\Users\pellisje\Desktop\SAE2.01Aplication (2)\SAE2.01Aplication\SAE2.01\Application_Gestion_Medicament\Application_Gestion_Medicament\Application_Gestion_Medicament.csproj:0
        Configuration: 'Debug'
[11:15:43.916 Verbose] - BuildManager - Élément _ApplicationManifestFinal 'C:\Users\pellisje\Desktop\SAE2.01Aplication (2)\SAE2.01Aplication\SAE2.01\Application_Gestion_Medicament\.vs\Application_Gestion_Medicament\v16\lut\0\b\Application_Gestion_Medicament\Debug\netcoreapp3.1\Application_Gestion_Medicament.dll.manifest' évalué via :
_ApplicationManifestFinal: '$(OutDir)$(_DeploymentTargetApplicationManifestFileName)' @ C:\Program Files (x86)\Microsoft Visual Studio\2019\Enterprise\MSBuild\Current\Bin\Microsoft.Common.CurrentVersion.targets:441
  OutDir: '$(OutputPath)' @ C:\Program Files (x86)\Microsoft Visual Studio\2019\Enterprise\MSBuild\Current\Bin\Microsoft.Common.CurrentVersion.targets:227
    OutputPath: '$(OutputPath)$(TargetFramework.ToLowerInvariant())\' @ C:\Program Files\dotnet\sdk\5.0.300\Sdks\Microsoft.NET.Sdk\targets\Microsoft.NET.TargetFrameworkInference.targets:242
      OutputPath: '$(BaseOutputPath)$(Configuration)\' @ C:\Program Files\dotnet\sdk\5.0.300\Sdks\Microsoft.NET.Sdk\targets\Microsoft.NET.DefaultOutputPaths.targets:33
        BaseOutputPath: 'C:\Users\pellisje\Desktop\SAE2.01Aplication (2)\SAE2.01Aplication\SAE2.01\Application_Gestion_Medicament\.vs\Application_Gestion_Medicament\v16\lut\0\b\Application_Gestion_Medicament\' @ C:\Users\pellisje\Desktop\SAE2.01Aplication (2)\SAE2.01Aplication\SAE2.01\Application_Gestion_Medicament\Application_Gestion_Medicament\Application_Gestion_Medicament.csproj:0
        Configuration: 'Debug'
  _DeploymentTargetApplicationManifestFileName: '$(TargetFileName).manifest' @ C:\Program Files (x86)\Microsoft Visual Studio\2019\Enterprise\MSBuild\Current\Bin\Microsoft.Common.CurrentVersion.targets:265
    TargetFileName: '$(TargetName)$(TargetExt)' @ C:\Program Files (x86)\Microsoft Visual Studio\2019\Enterprise\MSBuild\Current\Bin\Microsoft.Common.CurrentVersion.targets:247
      TargetName: '$(AssemblyName)' @ C:\Program Files (x86)\Microsoft Visual Studio\2019\Enterprise\MSBuild\Current\Bin\Microsoft.Common.CurrentVersion.targets:239
        AssemblyName: '$(MSBuildProjectName)' @ C:\Program Files\dotnet\sdk\5.0.300\Sdks\Microsoft.NET.Sdk\targets\Microsoft.NET.Sdk.props:32
          MSBuildProjectName: 'Application_Gestion_Medicament'
      TargetExt: '.dll' @ C:\Program Files\dotnet\sdk\5.0.300\Sdks\Microsoft.NET.Sdk\targets\Microsoft.NET.Sdk.BeforeCommon.targets:99
